<?xml version="1.0" encoding="UTF-8"?>
<testsuite xmlns:xsi="http://www.w3.org/2001/XMLSchema-instance" xsi:noNamespaceSchemaLocation="https://maven.apache.org/surefire/maven-surefire-plugin/xsd/surefire-test-report-3.0.xsd" version="3.0" name="OutputStreamTest" time="0.227" tests="6" errors="0" skipped="0" failures="0">
  <properties>
[...]
</properties>
  <testcase name="testOutputStreamPutData" classname="OutputStreamTest" time="0.213"/>
  <testcase name="testOutputStreamGetData" classname="OutputStreamTest" time="0.001"/>
  <testcase name="testDeleteDataForServerOutput" classname="OutputStreamTest" time="0.002"/>
  <testcase name="testPutDataForServerOutput" classname="OutputStreamTest" time="0.001"/>
  <testcase name="testGetDataForServerOutput" classname="OutputStreamTest" time="0.001"/>
  <testcase name="testOutputDataDeleteData" classname="OutputStreamTest" time="0"/>
</testsuite>